<?xml version="1.0" encoding="UTF-8"?>
<!-- Generated by org.testng.reporters.JUnitXMLReporter -->
<testsuite ignored="0" hostname="DESKTOP-VTS6CAM" failures="0" tests="9" name="Default test" time="51.44" errors="0" timestamp="2021-10-30T16:40:22 EET">
  <testcase classname="Test.TestMethods" name="displaySuggestions" time="1.311"/>
  <testcase classname="Test.TestMethods" name="relatedResults" time="3.384"/>
  <testcase classname="Test.TestMethods" name="relatedSuggestions" time="1.584"/>
  <testcase classname="Test.TestMethods" name="selectSuggestion" time="3.421"/>
  <testcase classname="Test.TestMethods" name="clearOption" time="1.327"/>
  <testcase classname="Test.TestMethods" name="resultPageSearch" time="5.818"/>
  <testcase classname="Test.TestMethods" name="differnetSeachData" time="3.573"/>
  <testcase classname="Test.TestMethods" name="differnetSeachData" time="3.132"/>
  <testcase classname="Test.TestMethods" name="differnetSeachData" time="3.128"/>
</testsuite> <!-- Default test -->
