<?xml version="1.0" encoding="UTF-8"?>
<!-- Generated by org.testng.reporters.JUnitXMLReporter -->
<testsuite ignored="0" hostname="DESKTOP-VTS6CAM" failures="0" tests="9" name="Default test" time="53.662" errors="0" timestamp="2021-10-30T15:52:27 EET">
  <testcase classname="Test.TestMethods" name="displaySuggestions" time="1.091"/>
  <testcase classname="Test.TestMethods" name="relatedResults" time="5.172"/>
  <testcase classname="Test.TestMethods" name="relatedSuggestions" time="1.988"/>
  <testcase classname="Test.TestMethods" name="selectSuggestion" time="3.311"/>
  <testcase classname="Test.TestMethods" name="clearOption" time="1.188"/>
  <testcase classname="Test.TestMethods" name="resultPageSearch" time="5.321"/>
  <testcase classname="Test.TestMethods" name="differnetSeachData" time="3.079"/>
  <testcase classname="Test.TestMethods" name="differnetSeachData" time="3.199"/>
  <testcase classname="Test.TestMethods" name="differnetSeachData" time="2.926"/>
</testsuite> <!-- Default test -->
