<?xml version="1.0" encoding="UTF-8"?>
<testng-results ignored="0" total="9" passed="9" failed="0" skipped="0">
  <reporter-output>
  </reporter-output>
  <suite started-at="2021-10-30T15:51:33 EET" name="Default suite" finished-at="2021-10-30T15:52:27 EET" duration-ms="53662">
    <groups>
    </groups>
    <test started-at="2021-10-30T15:51:33 EET" name="Default test" finished-at="2021-10-30T15:52:27 EET" duration-ms="53662">
      <class name="Test.TestMethods">
        <test-method is-config="true" signature="setup()[pri:0, instance:Test.TestMethods@4e7912d8]" started-at="2021-10-30T15:51:33 EET" name="setup" finished-at="2021-10-30T15:51:38 EET" duration-ms="4290" status="PASS">
          <reporter-output>
          </reporter-output>
        </test-method> <!-- setup -->
        <test-method signature="displaySuggestions()[pri:1, instance:Test.TestMethods@4e7912d8]" started-at="2021-10-30T15:51:38 EET" name="displaySuggestions" finished-at="2021-10-30T15:51:39 EET" duration-ms="1091" status="PASS">
          <reporter-output>
          </reporter-output>
        </test-method> <!-- displaySuggestions -->
        <test-method is-config="true" signature="After()[pri:0, instance:Test.TestMethods@4e7912d8]" started-at="2021-10-30T15:51:39 EET" name="After" finished-at="2021-10-30T15:51:39 EET" duration-ms="200" status="PASS">
          <reporter-output>
          </reporter-output>
        </test-method> <!-- After -->
        <test-method is-config="true" signature="setup()[pri:0, instance:Test.TestMethods@4e7912d8]" started-at="2021-10-30T15:51:39 EET" name="setup" finished-at="2021-10-30T15:51:42 EET" duration-ms="3232" status="PASS">
          <reporter-output>
          </reporter-output>
        </test-method> <!-- setup -->
        <test-method signature="relatedResults()[pri:2, instance:Test.TestMethods@4e7912d8]" started-at="2021-10-30T15:51:42 EET" name="relatedResults" finished-at="2021-10-30T15:51:47 EET" duration-ms="5172" status="PASS">
          <reporter-output>
          </reporter-output>
        </test-method> <!-- relatedResults -->
        <test-method is-config="true" signature="After()[pri:0, instance:Test.TestMethods@4e7912d8]" started-at="2021-10-30T15:51:47 EET" name="After" finished-at="2021-10-30T15:51:48 EET" duration-ms="212" status="PASS">
          <reporter-output>
          </reporter-output>
        </test-method> <!-- After -->
        <test-method is-config="true" signature="setup()[pri:0, instance:Test.TestMethods@4e7912d8]" started-at="2021-10-30T15:51:48 EET" name="setup" finished-at="2021-10-30T15:51:51 EET" duration-ms="2912" status="PASS">
          <reporter-output>
          </reporter-output>
        </test-method> <!-- setup -->
        <test-method signature="relatedSuggestions()[pri:3, instance:Test.TestMethods@4e7912d8]" started-at="2021-10-30T15:51:51 EET" name="relatedSuggestions" finished-at="2021-10-30T15:51:53 EET" duration-ms="1988" status="PASS">
          <reporter-output>
          </reporter-output>
        </test-method> <!-- relatedSuggestions -->
        <test-method is-config="true" signature="After()[pri:0, instance:Test.TestMethods@4e7912d8]" started-at="2021-10-30T15:51:53 EET" name="After" finished-at="2021-10-30T15:51:53 EET" duration-ms="208" status="PASS">
          <reporter-output>
          </reporter-output>
        </test-method> <!-- After -->
        <test-method is-config="true" signature="setup()[pri:0, instance:Test.TestMethods@4e7912d8]" started-at="2021-10-30T15:51:53 EET" name="setup" finished-at="2021-10-30T15:51:56 EET" duration-ms="2950" status="PASS">
          <reporter-output>
          </reporter-output>
        </test-method> <!-- setup -->
        <test-method signature="selectSuggestion()[pri:4, instance:Test.TestMethods@4e7912d8]" started-at="2021-10-30T15:51:56 EET" name="selectSuggestion" finished-at="2021-10-30T15:51:59 EET" duration-ms="3311" status="PASS">
          <reporter-output>
          </reporter-output>
        </test-method> <!-- selectSuggestion -->
        <test-method is-config="true" signature="After()[pri:0, instance:Test.TestMethods@4e7912d8]" started-at="2021-10-30T15:51:59 EET" name="After" finished-at="2021-10-30T15:51:59 EET" duration-ms="138" status="PASS">
          <reporter-output>
          </reporter-output>
        </test-method> <!-- After -->
        <test-method is-config="true" signature="setup()[pri:0, instance:Test.TestMethods@4e7912d8]" started-at="2021-10-30T15:51:59 EET" name="setup" finished-at="2021-10-30T15:52:02 EET" duration-ms="2385" status="PASS">
          <reporter-output>
          </reporter-output>
        </test-method> <!-- setup -->
        <test-method signature="clearOption()[pri:5, instance:Test.TestMethods@4e7912d8]" started-at="2021-10-30T15:52:02 EET" name="clearOption" finished-at="2021-10-30T15:52:03 EET" duration-ms="1188" status="PASS">
          <reporter-output>
          </reporter-output>
        </test-method> <!-- clearOption -->
        <test-method is-config="true" signature="After()[pri:0, instance:Test.TestMethods@4e7912d8]" started-at="2021-10-30T15:52:03 EET" name="After" finished-at="2021-10-30T15:52:03 EET" duration-ms="135" status="PASS">
          <reporter-output>
          </reporter-output>
        </test-method> <!-- After -->
        <test-method is-config="true" signature="setup()[pri:0, instance:Test.TestMethods@4e7912d8]" started-at="2021-10-30T15:52:03 EET" name="setup" finished-at="2021-10-30T15:52:05 EET" duration-ms="2413" status="PASS">
          <reporter-output>
          </reporter-output>
        </test-method> <!-- setup -->
        <test-method signature="resultPageSearch()[pri:6, instance:Test.TestMethods@4e7912d8]" started-at="2021-10-30T15:52:05 EET" name="resultPageSearch" finished-at="2021-10-30T15:52:11 EET" duration-ms="5321" status="PASS">
          <reporter-output>
          </reporter-output>
        </test-method> <!-- resultPageSearch -->
        <test-method is-config="true" signature="After()[pri:0, instance:Test.TestMethods@4e7912d8]" started-at="2021-10-30T15:52:11 EET" name="After" finished-at="2021-10-30T15:52:11 EET" duration-ms="139" status="PASS">
          <reporter-output>
          </reporter-output>
        </test-method> <!-- After -->
        <test-method is-config="true" signature="setup()[pri:0, instance:Test.TestMethods@4e7912d8]" started-at="2021-10-30T15:52:11 EET" name="setup" finished-at="2021-10-30T15:52:13 EET" duration-ms="2306" status="PASS">
          <reporter-output>
          </reporter-output>
        </test-method> <!-- setup -->
        <test-method signature="differnetSeachData(java.lang.String)[pri:7, instance:Test.TestMethods@4e7912d8]" started-at="2021-10-30T15:52:13 EET" name="differnetSeachData" data-provider="dataProvider" finished-at="2021-10-30T15:52:16 EET" duration-ms="3079" status="PASS">
          <params>
            <param index="0">
              <value>
                <![CDATA[2020]]>
              </value>
            </param>
          </params>
          <reporter-output>
          </reporter-output>
        </test-method> <!-- differnetSeachData -->
        <test-method is-config="true" signature="setup()[pri:0, instance:Test.TestMethods@4e7912d8]" started-at="2021-10-30T15:52:16 EET" name="setup" finished-at="2021-10-30T15:52:18 EET" duration-ms="2359" status="PASS">
          <reporter-output>
          </reporter-output>
        </test-method> <!-- setup -->
        <test-method is-config="true" signature="After()[pri:0, instance:Test.TestMethods@4e7912d8]" started-at="2021-10-30T15:52:16 EET" name="After" finished-at="2021-10-30T15:52:16 EET" duration-ms="0" status="PASS">
          <reporter-output>
          </reporter-output>
        </test-method> <!-- After -->
        <test-method signature="differnetSeachData(java.lang.String)[pri:7, instance:Test.TestMethods@4e7912d8]" started-at="2021-10-30T15:52:18 EET" name="differnetSeachData" data-provider="dataProvider" finished-at="2021-10-30T15:52:22 EET" duration-ms="3199" status="PASS">
          <params>
            <param index="0">
              <value>
                <![CDATA[20$]]>
              </value>
            </param>
          </params>
          <reporter-output>
          </reporter-output>
        </test-method> <!-- differnetSeachData -->
        <test-method is-config="true" signature="After()[pri:0, instance:Test.TestMethods@4e7912d8]" started-at="2021-10-30T15:52:22 EET" name="After" finished-at="2021-10-30T15:52:22 EET" duration-ms="0" status="PASS">
          <reporter-output>
          </reporter-output>
        </test-method> <!-- After -->
        <test-method is-config="true" signature="setup()[pri:0, instance:Test.TestMethods@4e7912d8]" started-at="2021-10-30T15:52:22 EET" name="setup" finished-at="2021-10-30T15:52:24 EET" duration-ms="2364" status="PASS">
          <reporter-output>
          </reporter-output>
        </test-method> <!-- setup -->
        <test-method signature="differnetSeachData(java.lang.String)[pri:7, instance:Test.TestMethods@4e7912d8]" started-at="2021-10-30T15:52:24 EET" name="differnetSeachData" data-provider="dataProvider" finished-at="2021-10-30T15:52:27 EET" duration-ms="2926" status="PASS">
          <params>
            <param index="0">
              <value>
                <![CDATA[there is a time when the operation of the machine become so odious]]>
              </value>
            </param>
          </params>
          <reporter-output>
          </reporter-output>
        </test-method> <!-- differnetSeachData -->
        <test-method is-config="true" signature="After()[pri:0, instance:Test.TestMethods@4e7912d8]" started-at="2021-10-30T15:52:27 EET" name="After" finished-at="2021-10-30T15:52:27 EET" duration-ms="0" status="PASS">
          <reporter-output>
          </reporter-output>
        </test-method> <!-- After -->
      </class> <!-- Test.TestMethods -->
    </test> <!-- Default test -->
  </suite> <!-- Default suite -->
</testng-results>
