<?xml version="1.0" encoding="UTF-8"?>
<testng-results ignored="0" total="9" passed="9" failed="0" skipped="0">
  <reporter-output>
  </reporter-output>
  <suite started-at="2021-10-30T16:39:31 EET" name="Default suite" finished-at="2021-10-30T16:40:22 EET" duration-ms="51440">
    <groups>
    </groups>
    <test started-at="2021-10-30T16:39:31 EET" name="Default test" finished-at="2021-10-30T16:40:22 EET" duration-ms="51440">
      <class name="Test.TestMethods">
        <test-method is-config="true" signature="setup()[pri:0, instance:Test.TestMethods@4e7912d8]" started-at="2021-10-30T16:39:31 EET" name="setup" finished-at="2021-10-30T16:39:33 EET" duration-ms="2619" status="PASS">
          <reporter-output>
          </reporter-output>
        </test-method> <!-- setup -->
        <test-method signature="displaySuggestions()[pri:1, instance:Test.TestMethods@4e7912d8]" started-at="2021-10-30T16:39:33 EET" name="displaySuggestions" finished-at="2021-10-30T16:39:34 EET" duration-ms="1311" status="PASS">
          <reporter-output>
          </reporter-output>
        </test-method> <!-- displaySuggestions -->
        <test-method is-config="true" signature="After()[pri:0, instance:Test.TestMethods@4e7912d8]" started-at="2021-10-30T16:39:34 EET" name="After" finished-at="2021-10-30T16:39:35 EET" duration-ms="126" status="PASS">
          <reporter-output>
          </reporter-output>
        </test-method> <!-- After -->
        <test-method is-config="true" signature="setup()[pri:0, instance:Test.TestMethods@4e7912d8]" started-at="2021-10-30T16:39:35 EET" name="setup" finished-at="2021-10-30T16:39:37 EET" duration-ms="2268" status="PASS">
          <reporter-output>
          </reporter-output>
        </test-method> <!-- setup -->
        <test-method signature="relatedResults()[pri:2, instance:Test.TestMethods@4e7912d8]" started-at="2021-10-30T16:39:37 EET" name="relatedResults" finished-at="2021-10-30T16:39:40 EET" duration-ms="3384" status="PASS">
          <reporter-output>
          </reporter-output>
        </test-method> <!-- relatedResults -->
        <test-method is-config="true" signature="After()[pri:0, instance:Test.TestMethods@4e7912d8]" started-at="2021-10-30T16:39:40 EET" name="After" finished-at="2021-10-30T16:39:40 EET" duration-ms="131" status="PASS">
          <reporter-output>
          </reporter-output>
        </test-method> <!-- After -->
        <test-method is-config="true" signature="setup()[pri:0, instance:Test.TestMethods@4e7912d8]" started-at="2021-10-30T16:39:40 EET" name="setup" finished-at="2021-10-30T16:39:43 EET" duration-ms="2209" status="PASS">
          <reporter-output>
          </reporter-output>
        </test-method> <!-- setup -->
        <test-method signature="relatedSuggestions()[pri:3, instance:Test.TestMethods@4e7912d8]" started-at="2021-10-30T16:39:43 EET" name="relatedSuggestions" finished-at="2021-10-30T16:39:44 EET" duration-ms="1584" status="PASS">
          <reporter-output>
          </reporter-output>
        </test-method> <!-- relatedSuggestions -->
        <test-method is-config="true" signature="After()[pri:0, instance:Test.TestMethods@4e7912d8]" started-at="2021-10-30T16:39:44 EET" name="After" finished-at="2021-10-30T16:39:44 EET" duration-ms="122" status="PASS">
          <reporter-output>
          </reporter-output>
        </test-method> <!-- After -->
        <test-method is-config="true" signature="setup()[pri:0, instance:Test.TestMethods@4e7912d8]" started-at="2021-10-30T16:39:44 EET" name="setup" finished-at="2021-10-30T16:39:47 EET" duration-ms="2312" status="PASS">
          <reporter-output>
          </reporter-output>
        </test-method> <!-- setup -->
        <test-method signature="selectSuggestion()[pri:4, instance:Test.TestMethods@4e7912d8]" started-at="2021-10-30T16:39:47 EET" name="selectSuggestion" finished-at="2021-10-30T16:39:50 EET" duration-ms="3421" status="PASS">
          <reporter-output>
          </reporter-output>
        </test-method> <!-- selectSuggestion -->
        <test-method is-config="true" signature="After()[pri:0, instance:Test.TestMethods@4e7912d8]" started-at="2021-10-30T16:39:50 EET" name="After" finished-at="2021-10-30T16:39:50 EET" duration-ms="137" status="PASS">
          <reporter-output>
          </reporter-output>
        </test-method> <!-- After -->
        <test-method is-config="true" signature="setup()[pri:0, instance:Test.TestMethods@4e7912d8]" started-at="2021-10-30T16:39:50 EET" name="setup" finished-at="2021-10-30T16:39:53 EET" duration-ms="2344" status="PASS">
          <reporter-output>
          </reporter-output>
        </test-method> <!-- setup -->
        <test-method signature="clearOption()[pri:5, instance:Test.TestMethods@4e7912d8]" started-at="2021-10-30T16:39:53 EET" name="clearOption" finished-at="2021-10-30T16:39:54 EET" duration-ms="1327" status="PASS">
          <reporter-output>
          </reporter-output>
        </test-method> <!-- clearOption -->
        <test-method is-config="true" signature="After()[pri:0, instance:Test.TestMethods@4e7912d8]" started-at="2021-10-30T16:39:54 EET" name="After" finished-at="2021-10-30T16:39:54 EET" duration-ms="130" status="PASS">
          <reporter-output>
          </reporter-output>
        </test-method> <!-- After -->
        <test-method is-config="true" signature="setup()[pri:0, instance:Test.TestMethods@4e7912d8]" started-at="2021-10-30T16:39:54 EET" name="setup" finished-at="2021-10-30T16:39:58 EET" duration-ms="4479" status="PASS">
          <reporter-output>
          </reporter-output>
        </test-method> <!-- setup -->
        <test-method signature="resultPageSearch()[pri:6, instance:Test.TestMethods@4e7912d8]" started-at="2021-10-30T16:39:58 EET" name="resultPageSearch" finished-at="2021-10-30T16:40:04 EET" duration-ms="5818" status="PASS">
          <reporter-output>
          </reporter-output>
        </test-method> <!-- resultPageSearch -->
        <test-method is-config="true" signature="After()[pri:0, instance:Test.TestMethods@4e7912d8]" started-at="2021-10-30T16:40:04 EET" name="After" finished-at="2021-10-30T16:40:04 EET" duration-ms="158" status="PASS">
          <reporter-output>
          </reporter-output>
        </test-method> <!-- After -->
        <test-method is-config="true" signature="setup()[pri:0, instance:Test.TestMethods@4e7912d8]" started-at="2021-10-30T16:40:04 EET" name="setup" finished-at="2021-10-30T16:40:07 EET" duration-ms="2922" status="PASS">
          <reporter-output>
          </reporter-output>
        </test-method> <!-- setup -->
        <test-method signature="differnetSeachData(java.lang.String)[pri:7, instance:Test.TestMethods@4e7912d8]" started-at="2021-10-30T16:40:07 EET" name="differnetSeachData" data-provider="dataProvider" finished-at="2021-10-30T16:40:11 EET" duration-ms="3573" status="PASS">
          <params>
            <param index="0">
              <value>
                <![CDATA[2020]]>
              </value>
            </param>
          </params>
          <reporter-output>
          </reporter-output>
        </test-method> <!-- differnetSeachData -->
        <test-method is-config="true" signature="setup()[pri:0, instance:Test.TestMethods@4e7912d8]" started-at="2021-10-30T16:40:11 EET" name="setup" finished-at="2021-10-30T16:40:13 EET" duration-ms="2384" status="PASS">
          <reporter-output>
          </reporter-output>
        </test-method> <!-- setup -->
        <test-method is-config="true" signature="After()[pri:0, instance:Test.TestMethods@4e7912d8]" started-at="2021-10-30T16:40:11 EET" name="After" finished-at="2021-10-30T16:40:11 EET" duration-ms="0" status="PASS">
          <reporter-output>
          </reporter-output>
        </test-method> <!-- After -->
        <test-method signature="differnetSeachData(java.lang.String)[pri:7, instance:Test.TestMethods@4e7912d8]" started-at="2021-10-30T16:40:13 EET" name="differnetSeachData" data-provider="dataProvider" finished-at="2021-10-30T16:40:16 EET" duration-ms="3132" status="PASS">
          <params>
            <param index="0">
              <value>
                <![CDATA[20$]]>
              </value>
            </param>
          </params>
          <reporter-output>
          </reporter-output>
        </test-method> <!-- differnetSeachData -->
        <test-method is-config="true" signature="After()[pri:0, instance:Test.TestMethods@4e7912d8]" started-at="2021-10-30T16:40:16 EET" name="After" finished-at="2021-10-30T16:40:16 EET" duration-ms="1" status="PASS">
          <reporter-output>
          </reporter-output>
        </test-method> <!-- After -->
        <test-method is-config="true" signature="setup()[pri:0, instance:Test.TestMethods@4e7912d8]" started-at="2021-10-30T16:40:16 EET" name="setup" finished-at="2021-10-30T16:40:19 EET" duration-ms="2359" status="PASS">
          <reporter-output>
          </reporter-output>
        </test-method> <!-- setup -->
        <test-method signature="differnetSeachData(java.lang.String)[pri:7, instance:Test.TestMethods@4e7912d8]" started-at="2021-10-30T16:40:19 EET" name="differnetSeachData" data-provider="dataProvider" finished-at="2021-10-30T16:40:22 EET" duration-ms="3128" status="PASS">
          <params>
            <param index="0">
              <value>
                <![CDATA[there is a time when the operation of the machine become so odious]]>
              </value>
            </param>
          </params>
          <reporter-output>
          </reporter-output>
        </test-method> <!-- differnetSeachData -->
        <test-method is-config="true" signature="After()[pri:0, instance:Test.TestMethods@4e7912d8]" started-at="2021-10-30T16:40:22 EET" name="After" finished-at="2021-10-30T16:40:22 EET" duration-ms="2" status="PASS">
          <reporter-output>
          </reporter-output>
        </test-method> <!-- After -->
      </class> <!-- Test.TestMethods -->
    </test> <!-- Default test -->
  </suite> <!-- Default suite -->
</testng-results>
